  Window.cpp
  TextureManager.cpp
  Texture.cpp
  Text.cpp
  SystemSingleton.cpp
  ShaderManager.cpp
  ShaderCompiler.cpp
  Shader.cpp
  MeshManager.cpp
  Mesh.cpp
  MaterialManager.cpp
  Material.cpp
  LightManager.cpp
  Light.cpp
  GLSystem.cpp
  Folder.cpp
  FileReader.cpp
  CameraManager.cpp
  Camera.cpp
  BasicXApplication.cpp
     Creating library D:\Profiles\jxw7456\TheOctagon\Z_DELETE\BasicX_d.lib and object D:\Profiles\jxw7456\TheOctagon\Z_DELETE\BasicX_d.exp
  Generating code
  Finished generating code
  BasicX.vcxproj -> D:\Profiles\jxw7456\TheOctagon\Z_DELETE\BasicX_d.dll
          1 file(s) copied.
          1 file(s) copied.
          1 file(s) copied.
  D:\Profiles\jxw7456\TheOctagon\include\Simplex\Shaders\Basic-Instanced.vs
  D:\Profiles\jxw7456\TheOctagon\include\Simplex\Shaders\Basic.fs
  D:\Profiles\jxw7456\TheOctagon\include\Simplex\Shaders\Basic.vs
  D:\Profiles\jxw7456\TheOctagon\include\Simplex\Shaders\BasicColor.fs
  D:\Profiles\jxw7456\TheOctagon\include\Simplex\Shaders\BasicColor.vs
  D:\Profiles\jxw7456\TheOctagon\include\Simplex\Shaders\Line.fs
  D:\Profiles\jxw7456\TheOctagon\include\Simplex\Shaders\Line.vs
  D:\Profiles\jxw7456\TheOctagon\include\Simplex\Shaders\Minimal.fs
  D:\Profiles\jxw7456\TheOctagon\include\Simplex\Shaders\Minimal.vs
  D:\Profiles\jxw7456\TheOctagon\include\Simplex\Shaders\MinimalRed.fs
  D:\Profiles\jxw7456\TheOctagon\include\Simplex\Shaders\Simplex.fs
  D:\Profiles\jxw7456\TheOctagon\include\Simplex\Shaders\Simplex.vs
  D:\Profiles\jxw7456\TheOctagon\include\Simplex\Shaders\Skybox.fs
  D:\Profiles\jxw7456\TheOctagon\include\Simplex\Shaders\Skybox.vs
  D:\Profiles\jxw7456\TheOctagon\include\Simplex\Shaders\Text.fs
  D:\Profiles\jxw7456\TheOctagon\include\Simplex\Shaders\Text.vs
  D:\Profiles\jxw7456\TheOctagon\include\Simplex\Shaders\Wireframe.fs
  17 File(s) copied
