d:\profiles\jxw7456\octo\z_delete\basicx_d.lib
d:\profiles\jxw7456\octo\z_delete\basicx_d.exp
c:\users\jkiin\desktop\dsaii\theoctagon\z_delete\basicx_d.lib
c:\users\jkiin\desktop\dsaii\theoctagon\z_delete\basicx_d.exp
d:\profiles\jxw7456\octo\z_delete\basicx\debug\vc141.pdb
d:\profiles\jxw7456\octo\z_delete\basicx\debug\vc141.idb
d:\profiles\jxw7456\octo\z_delete\basicx\debug\basicxapplication.obj
d:\profiles\jxw7456\octo\z_delete\basicx\debug\camera.obj
d:\profiles\jxw7456\octo\z_delete\basicx\debug\cameramanager.obj
d:\profiles\jxw7456\octo\z_delete\basicx\debug\filereader.obj
d:\profiles\jxw7456\octo\z_delete\basicx\debug\folder.obj
d:\profiles\jxw7456\octo\z_delete\basicx\debug\glsystem.obj
d:\profiles\jxw7456\octo\z_delete\basicx\debug\light.obj
d:\profiles\jxw7456\octo\z_delete\basicx\debug\lightmanager.obj
d:\profiles\jxw7456\octo\z_delete\basicx\debug\material.obj
d:\profiles\jxw7456\octo\z_delete\basicx\debug\materialmanager.obj
d:\profiles\jxw7456\octo\z_delete\basicx\debug\mesh.obj
d:\profiles\jxw7456\octo\z_delete\basicx\debug\meshmanager.obj
d:\profiles\jxw7456\octo\z_delete\basicx\debug\shader.obj
d:\profiles\jxw7456\octo\z_delete\basicx\debug\shadercompiler.obj
d:\profiles\jxw7456\octo\z_delete\basicx\debug\shadermanager.obj
d:\profiles\jxw7456\octo\z_delete\basicx\debug\systemsingleton.obj
d:\profiles\jxw7456\octo\z_delete\basicx\debug\text.obj
d:\profiles\jxw7456\octo\z_delete\basicx\debug\texture.obj
d:\profiles\jxw7456\octo\z_delete\basicx\debug\texturemanager.obj
d:\profiles\jxw7456\octo\z_delete\basicx\debug\window.obj
c:\users\jkiin\desktop\dsaii\theoctagon\z_delete\basicx\debug\vc141.pdb
c:\users\jkiin\desktop\dsaii\theoctagon\z_delete\basicx\debug\vc141.idb
c:\users\jkiin\desktop\dsaii\theoctagon\z_delete\basicx\debug\basicxapplication.obj
c:\users\jkiin\desktop\dsaii\theoctagon\z_delete\basicx\debug\camera.obj
c:\users\jkiin\desktop\dsaii\theoctagon\z_delete\basicx\debug\cameramanager.obj
c:\users\jkiin\desktop\dsaii\theoctagon\z_delete\basicx\debug\filereader.obj
c:\users\jkiin\desktop\dsaii\theoctagon\z_delete\basicx\debug\folder.obj
c:\users\jkiin\desktop\dsaii\theoctagon\z_delete\basicx\debug\glsystem.obj
c:\users\jkiin\desktop\dsaii\theoctagon\z_delete\basicx\debug\light.obj
c:\users\jkiin\desktop\dsaii\theoctagon\z_delete\basicx\debug\lightmanager.obj
c:\users\jkiin\desktop\dsaii\theoctagon\z_delete\basicx\debug\material.obj
c:\users\jkiin\desktop\dsaii\theoctagon\z_delete\basicx\debug\materialmanager.obj
c:\users\jkiin\desktop\dsaii\theoctagon\z_delete\basicx\debug\mesh.obj
c:\users\jkiin\desktop\dsaii\theoctagon\z_delete\basicx\debug\meshmanager.obj
c:\users\jkiin\desktop\dsaii\theoctagon\z_delete\basicx\debug\shader.obj
c:\users\jkiin\desktop\dsaii\theoctagon\z_delete\basicx\debug\shadercompiler.obj
c:\users\jkiin\desktop\dsaii\theoctagon\z_delete\basicx\debug\shadermanager.obj
c:\users\jkiin\desktop\dsaii\theoctagon\z_delete\basicx\debug\systemsingleton.obj
c:\users\jkiin\desktop\dsaii\theoctagon\z_delete\basicx\debug\text.obj
c:\users\jkiin\desktop\dsaii\theoctagon\z_delete\basicx\debug\texture.obj
c:\users\jkiin\desktop\dsaii\theoctagon\z_delete\basicx\debug\texturemanager.obj
c:\users\jkiin\desktop\dsaii\theoctagon\z_delete\basicx\debug\window.obj
d:\profiles\jxw7456\octo\z_delete\basicx_d.dll
d:\profiles\jxw7456\octo\z_delete\basicx_d.pdb
c:\users\jkiin\desktop\dsaii\theoctagon\z_delete\basicx_d.dll
c:\users\jkiin\desktop\dsaii\theoctagon\z_delete\basicx_d.pdb
c:\users\jkiin\desktop\dsaii\theoctagon\z_delete\basicx\debug\basicx.tlog\basicx.write.1u.tlog
c:\users\jkiin\desktop\dsaii\theoctagon\z_delete\basicx\debug\basicx.tlog\cl.command.1.tlog
c:\users\jkiin\desktop\dsaii\theoctagon\z_delete\basicx\debug\basicx.tlog\cl.read.1.tlog
c:\users\jkiin\desktop\dsaii\theoctagon\z_delete\basicx\debug\basicx.tlog\cl.write.1.tlog
c:\users\jkiin\desktop\dsaii\theoctagon\z_delete\basicx\debug\basicx.tlog\link.command.1.tlog
c:\users\jkiin\desktop\dsaii\theoctagon\z_delete\basicx\debug\basicx.tlog\link.read.1.tlog
c:\users\jkiin\desktop\dsaii\theoctagon\z_delete\basicx\debug\basicx.tlog\link.write.1.tlog
