d:\profiles\jxw7456\theoctagon\z_delete\theoctagon\debug\vc141.pdb
d:\profiles\jxw7456\theoctagon\z_delete\theoctagon\debug\vc141.idb
d:\profiles\jxw7456\theoctagon\z_delete\theoctagon\debug\imgui.obj
d:\profiles\jxw7456\theoctagon\z_delete\theoctagon\debug\imgui_demo.obj
d:\profiles\jxw7456\theoctagon\z_delete\theoctagon\debug\imgui_draw.obj
d:\profiles\jxw7456\theoctagon\z_delete\theoctagon\debug\appclass.obj
d:\profiles\jxw7456\theoctagon\z_delete\theoctagon\debug\appclasscontrols.obj
d:\profiles\jxw7456\theoctagon\z_delete\theoctagon\debug\appclassgui.obj
d:\profiles\jxw7456\theoctagon\z_delete\theoctagon\debug\appclassmain.obj
d:\profiles\jxw7456\theoctagon\z_delete\theoctagon\debug\controllerconfiguration.obj
d:\profiles\jxw7456\theoctagon\z_delete\theoctagon\debug\main.obj
d:\profiles\jxw7456\theoctagon\z_delete\theoctagon\debug\myentity.obj
d:\profiles\jxw7456\theoctagon\z_delete\theoctagon\debug\myentitymanager.obj
d:\profiles\jxw7456\theoctagon\z_delete\theoctagon\debug\myoctant.obj
d:\profiles\jxw7456\theoctagon\z_delete\theoctagon\debug\myrigidbody.obj
d:\profiles\jxw7456\theoctagon\z_delete\theoctagon_d.exe
d:\profiles\jxw7456\theoctagon\z_delete\theoctagon_d.ilk
d:\profiles\jxw7456\theoctagon\z_delete\theoctagon_d.pdb
d:\profiles\jxw7456\theoctagon\z_delete\theoctagon\debug\bto.res
d:\profiles\jxw7456\theoctagon\z_delete\theoctagon\debug\theoctagon.tlog\cl.command.1.tlog
d:\profiles\jxw7456\theoctagon\z_delete\theoctagon\debug\theoctagon.tlog\cl.read.1.tlog
d:\profiles\jxw7456\theoctagon\z_delete\theoctagon\debug\theoctagon.tlog\cl.write.1.tlog
d:\profiles\jxw7456\theoctagon\z_delete\theoctagon\debug\theoctagon.tlog\link.command.1.tlog
d:\profiles\jxw7456\theoctagon\z_delete\theoctagon\debug\theoctagon.tlog\link.read.1.tlog
d:\profiles\jxw7456\theoctagon\z_delete\theoctagon\debug\theoctagon.tlog\link.write.1.tlog
d:\profiles\jxw7456\theoctagon\z_delete\theoctagon\debug\theoctagon.tlog\rc.command.1.tlog
d:\profiles\jxw7456\theoctagon\z_delete\theoctagon\debug\theoctagon.tlog\rc.read.1.tlog
d:\profiles\jxw7456\theoctagon\z_delete\theoctagon\debug\theoctagon.tlog\rc.write.1.tlog
