  AppClass.cpp
z:\igmprofile\desktop\dsaii_project\theoctagon\appclass.cpp(41): warning C4244: 'argument': conversion from 'double' to 'float', possible loss of data
z:\igmprofile\desktop\dsaii_project\theoctagon\appclass.cpp(42): warning C4244: 'argument': conversion from 'double' to 'float', possible loss of data
  Generating Code...
  Skipping... (no relevant changes detected)
  MyOctant.cpp
  MyEntityManager.cpp
  MyEntity.cpp
  Main.cpp
  AppClassMain.cpp
  AppClassGUI.cpp
  AppClassControls.cpp
  TheOctagon.vcxproj -> Z:\IGMProfile\Desktop\DSAII_Project\Z_DELETE\TheOctagon_d.exe
  Z:\IGMProfile\Desktop\DSAII_Project\include\Simplex\Shaders\Basic-Instanced.vs
  Z:\IGMProfile\Desktop\DSAII_Project\include\Simplex\Shaders\Basic.fs
  Z:\IGMProfile\Desktop\DSAII_Project\include\Simplex\Shaders\Basic.vs
  Z:\IGMProfile\Desktop\DSAII_Project\include\Simplex\Shaders\BasicColor.fs
  Z:\IGMProfile\Desktop\DSAII_Project\include\Simplex\Shaders\BasicColor.vs
  Z:\IGMProfile\Desktop\DSAII_Project\include\Simplex\Shaders\Line.fs
  Z:\IGMProfile\Desktop\DSAII_Project\include\Simplex\Shaders\Line.vs
  Z:\IGMProfile\Desktop\DSAII_Project\include\Simplex\Shaders\Minimal.fs
  Z:\IGMProfile\Desktop\DSAII_Project\include\Simplex\Shaders\Minimal.vs
  Z:\IGMProfile\Desktop\DSAII_Project\include\Simplex\Shaders\MinimalRed.fs
  Z:\IGMProfile\Desktop\DSAII_Project\include\Simplex\Shaders\Simplex.fs
  Z:\IGMProfile\Desktop\DSAII_Project\include\Simplex\Shaders\Simplex.vs
  Z:\IGMProfile\Desktop\DSAII_Project\include\Simplex\Shaders\Skybox.fs
  Z:\IGMProfile\Desktop\DSAII_Project\include\Simplex\Shaders\Skybox.vs
  Z:\IGMProfile\Desktop\DSAII_Project\include\Simplex\Shaders\Text.fs
  Z:\IGMProfile\Desktop\DSAII_Project\include\Simplex\Shaders\Text.vs
  Z:\IGMProfile\Desktop\DSAII_Project\include\Simplex\Shaders\Wireframe.fs
  17 File(s) copied
